h:\netsim-files\netsim-workspaces\rebroadcast_van_man\bin\bin_x64\application.lib
h:\netsim-files\netsim-workspaces\rebroadcast_van_man\bin\bin_x64\application.exp
h:\netsim-files\netsim-workspaces\rebroadcast_van_man\src\simulation\application\x64\debug\vc142.pdb
h:\netsim-files\netsim-workspaces\rebroadcast_van_man\src\simulation\application\x64\debug\vc142.idb
h:\netsim-files\netsim-workspaces\rebroadcast_van_man\src\simulation\application\x64\debug\rebroadcast.obj
h:\netsim-files\netsim-workspaces\rebroadcast_van_man\src\simulation\application\x64\debug\randomnumber.obj
h:\netsim-files\netsim-workspaces\rebroadcast_van_man\src\simulation\application\x64\debug\multicast.obj
h:\netsim-files\netsim-workspaces\rebroadcast_van_man\src\simulation\application\x64\debug\encryption.obj
h:\netsim-files\netsim-workspaces\rebroadcast_van_man\src\simulation\application\x64\debug\emulation_application.obj
h:\netsim-files\netsim-workspaces\rebroadcast_van_man\src\simulation\application\x64\debug\distribution.obj
h:\netsim-files\netsim-workspaces\rebroadcast_van_man\src\simulation\application\x64\debug\des_run.obj
h:\netsim-files\netsim-workspaces\rebroadcast_van_man\src\simulation\application\x64\debug\des.obj
h:\netsim-files\netsim-workspaces\rebroadcast_van_man\src\simulation\application\x64\debug\database_ftp_custom.obj
h:\netsim-files\netsim-workspaces\rebroadcast_van_man\src\simulation\application\x64\debug\coap.obj
h:\netsim-files\netsim-workspaces\rebroadcast_van_man\src\simulation\application\x64\debug\bsm.obj
h:\netsim-files\netsim-workspaces\rebroadcast_van_man\src\simulation\application\x64\debug\app_out.obj
h:\netsim-files\netsim-workspaces\rebroadcast_van_man\src\simulation\application\x64\debug\application.obj
h:\netsim-files\netsim-workspaces\rebroadcast_van_man\src\simulation\application\x64\debug\aes_run.obj
h:\netsim-files\netsim-workspaces\rebroadcast_van_man\src\simulation\application\x64\debug\aes.obj
h:\netsim-files\netsim-workspaces\rebroadcast_van_man\bin\bin_x64\libapplication.dll
h:\netsim-files\netsim-workspaces\rebroadcast_van_man\bin\bin_x64\application.pdb
h:\netsim-files\netsim-workspaces\rebroadcast_van_man\src\simulation\application\x64\debug\application.tlog\application.write.1u.tlog
h:\netsim-files\netsim-workspaces\rebroadcast_van_man\src\simulation\application\x64\debug\application.tlog\cl.command.1.tlog
h:\netsim-files\netsim-workspaces\rebroadcast_van_man\src\simulation\application\x64\debug\application.tlog\cl.read.1.tlog
h:\netsim-files\netsim-workspaces\rebroadcast_van_man\src\simulation\application\x64\debug\application.tlog\cl.write.1.tlog
h:\netsim-files\netsim-workspaces\rebroadcast_van_man\src\simulation\application\x64\debug\application.tlog\link.command.1.tlog
h:\netsim-files\netsim-workspaces\rebroadcast_van_man\src\simulation\application\x64\debug\application.tlog\link.read.1.tlog
h:\netsim-files\netsim-workspaces\rebroadcast_van_man\src\simulation\application\x64\debug\application.tlog\link.write.1.tlog
